<?xml version="1.0" encoding="UTF-8"?>
<testng-results ignored="0" total="3" passed="3" failed="0" skipped="0">
  <reporter-output>
  </reporter-output>
  <suite started-at="2024-02-07T17:25:59 IST" name="Default suite" finished-at="2024-02-07T17:26:02 IST" duration-ms="2957">
    <groups>
    </groups>
    <test started-at="2024-02-07T17:25:59 IST" name="Default test" finished-at="2024-02-07T17:26:02 IST" duration-ms="2957">
      <class name="FIles.DynamicJson">
        <test-method signature="addBook(java.lang.String,java.lang.String)[pri:0, instance:FIles.DynamicJson@4dbb42b7]" started-at="2024-02-07T17:25:59 IST" name="addBook" data-provider="bookDetails" finished-at="2024-02-07T17:26:02 IST" duration-ms="2649" status="PASS">
          <params>
            <param index="0">
              <value>
                <![CDATA[aaa]]>
              </value>
            </param>
            <param index="1">
              <value>
                <![CDATA[111]]>
              </value>
            </param>
          </params>
          <reporter-output>
          </reporter-output>
        </test-method> <!-- addBook -->
        <test-method signature="addBook(java.lang.String,java.lang.String)[pri:0, instance:FIles.DynamicJson@4dbb42b7]" started-at="2024-02-07T17:26:02 IST" name="addBook" data-provider="bookDetails" finished-at="2024-02-07T17:26:02 IST" duration-ms="143" status="PASS">
          <params>
            <param index="0">
              <value>
                <![CDATA[bbb]]>
              </value>
            </param>
            <param index="1">
              <value>
                <![CDATA[222]]>
              </value>
            </param>
          </params>
          <reporter-output>
          </reporter-output>
        </test-method> <!-- addBook -->
        <test-method signature="addBook(java.lang.String,java.lang.String)[pri:0, instance:FIles.DynamicJson@4dbb42b7]" started-at="2024-02-07T17:26:02 IST" name="addBook" data-provider="bookDetails" finished-at="2024-02-07T17:26:02 IST" duration-ms="117" status="PASS">
          <params>
            <param index="0">
              <value>
                <![CDATA[ccc]]>
              </value>
            </param>
            <param index="1">
              <value>
                <![CDATA[333]]>
              </value>
            </param>
          </params>
          <reporter-output>
          </reporter-output>
        </test-method> <!-- addBook -->
      </class> <!-- FIles.DynamicJson -->
    </test> <!-- Default test -->
  </suite> <!-- Default suite -->
</testng-results>
