<?xml version="1.0" encoding="UTF-8"?>
<!-- Generated by org.testng.reporters.JUnitXMLReporter -->
<testsuite ignored="1" hostname="CLAP3934" failures="0" tests="1" name="Error Validation Test" time="9.828" errors="0" timestamp="2024-07-26T16:48:40 IST">
  <testcase classname="automation.Tests.errorValidation" name="catchErrorMessage" time="1.641"/>
  <testcase classname="automation.Tests.errorValidation" name="productErrorValidation" time="0.0">
    <ignored/>
  </testcase> <!-- productErrorValidation -->
</testsuite> <!-- Error Validation Test -->
