<?xml version="1.0" encoding="UTF-8"?>
<!-- Generated by org.testng.reporters.JUnitXMLReporter -->
<testsuite ignored="0" hostname="CLAP3934" failures="1" tests="1" name="Default test" time="5.885" errors="0" timestamp="2024-07-30T19:08:44 IST">
  <testcase classname="io.cucumber.testng.AbstractTestNGCucumberTests" name="runScenario" time="5.169">
    <failure type="java.lang.NullPointerException" message="Cannot invoke &amp;quot;org.openqa.selenium.WebElement.findElement(org.openqa.selenium.By)&amp;quot; because &amp;quot;pro&amp;quot; is null">
      <![CDATA[java.lang.NullPointerException: Cannot invoke "org.openqa.selenium.WebElement.findElement(org.openqa.selenium.By)" because "pro" is null
at automation.pageObjects.productCatalogue.addProdtoCart(productCatalogue.java:50)
at automation.StepDefinition.StepDefinition.I_add_product_to_the_cart(StepDefinition.java:41)
at ✽.I add product <prodcutName> to the cart(file:///C:/Users/ansuman.pati/eclipse-workspace/SeleniumFrameworkDesign/src/test/java/cucumber/PurchaseOrder.feature:12)
]]>
    </failure>
  </testcase> <!-- runScenario -->
</testsuite> <!-- Default test -->
