<?xml version="1.0" encoding="UTF-8"?>
<testng-results ignored="0" total="1" passed="1" failed="0" skipped="0">
  <reporter-output>
  </reporter-output>
  <suite started-at="2024-08-02T00:12:23 IST" name="Default suite" finished-at="2024-08-02T00:12:23 IST" duration-ms="92">
    <groups>
    </groups>
    <test started-at="2024-08-02T00:12:23 IST" name="Default test" finished-at="2024-08-02T00:12:23 IST" duration-ms="92">
      <class name="com.rsa.practice.JavaStreams">
        <test-method signature="numbers()[pri:0, instance:com.rsa.practice.JavaStreams@f78a47e]" started-at="2024-08-02T00:12:23 IST" name="numbers" finished-at="2024-08-02T00:12:23 IST" duration-ms="14" status="PASS">
          <reporter-output>
          </reporter-output>
        </test-method> <!-- numbers -->
      </class> <!-- com.rsa.practice.JavaStreams -->
    </test> <!-- Default test -->
  </suite> <!-- Default suite -->
</testng-results>
